<?xml version="1.0" encoding="UTF-8"?>
<!-- Generated by org.testng.reporters.JUnitReportReporter -->
<testsuite skipped="1" hostname="Ansh-PC" name="org.JunitTestNgAnnotaions.TestNgAnnotationSeleniumIntegration" tests="2" failures="0" timestamp="22 Mar 2021 15:28:31 GMT" time="18.271" errors="1">
  <testcase name="googleTest" time="0.000" classname="org.JunitTestNgAnnotaions.TestNgAnnotationSeleniumIntegration">
    <skipped/>
  </testcase> <!-- googleTest -->
  <testcase name="setUp" time="18.271" classname="org.JunitTestNgAnnotaions.TestNgAnnotationSeleniumIntegration">
    <error type="org.openqa.selenium.SessionNotCreatedException" message="session not created: This version of ChromeDriver only supports Chrome version 77
Build info: version: &#039;3.141.59&#039;, revision: &#039;e82be7d358&#039;, time: &#039;2018-11-14T08:17:03&#039;
System info: host: &#039;ANSH-PC&#039;, ip: &#039;192.168.1.2&#039;, os.name: &#039;Windows 8&#039;, os.arch: &#039;amd64&#039;, os.version: &#039;6.2&#039;, java.version: &#039;1.8.0_211&#039;
Driver info: driver.version: ChromeDriver
remote stacktrace: Backtrace:
	Ordinal0 [0x0041EB13+1501971]
	Ordinal0 [0x0039F6D1+980689]
	Ordinal0 [0x0032765F+489055]
	Ordinal0 [0x002BF2F4+62196]
	Ordinal0 [0x002BBCDA+48346]
	Ordinal0 [0x002D9800+169984]
	Ordinal0 [0x002D942D+169005]
	Ordinal0 [0x002D78EB+162027]
	Ordinal0 [0x002C0AC7+68295]
	Ordinal0 [0x002C1B40+72512]
	Ordinal0 [0x002C1AD9+72409]
	Ordinal0 [0x003B8F37+1085239]
	GetHandleVerifier [0x004BD7ED+503293]
	GetHandleVerifier [0x004BD580+502672]
	GetHandleVerifier [0x004C46AC+531644]
	GetHandleVerifier [0x004BDFFA+505354]
	Ordinal0 [0x003B0606+1050118]
	Ordinal0 [0x003B047F+1049727]
	Ordinal0 [0x003BAF9B+1093531]
	Ordinal0 [0x003BB103+1093891]
	Ordinal0 [0x003BA095+1089685]
	BaseThreadInitThunk [0x757C8543+14]
	RtlInitializeExceptionChain [0x772AAC69+133]
	RtlInitializeExceptionChain [0x772AAC3C+88]
">
      <![CDATA[org.openqa.selenium.SessionNotCreatedException: session not created: This version of ChromeDriver only supports Chrome version 77
Build info: version: '3.141.59', revision: 'e82be7d358', time: '2018-11-14T08:17:03'
System info: host: 'ANSH-PC', ip: '192.168.1.2', os.name: 'Windows 8', os.arch: 'amd64', os.version: '6.2', java.version: '1.8.0_211'
Driver info: driver.version: ChromeDriver
remote stacktrace: Backtrace:
Ordinal0 [0x0041EB13+1501971]
Ordinal0 [0x0039F6D1+980689]
Ordinal0 [0x0032765F+489055]
Ordinal0 [0x002BF2F4+62196]
Ordinal0 [0x002BBCDA+48346]
Ordinal0 [0x002D9800+169984]
Ordinal0 [0x002D942D+169005]
Ordinal0 [0x002D78EB+162027]
Ordinal0 [0x002C0AC7+68295]
Ordinal0 [0x002C1B40+72512]
Ordinal0 [0x002C1AD9+72409]
Ordinal0 [0x003B8F37+1085239]
GetHandleVerifier [0x004BD7ED+503293]
GetHandleVerifier [0x004BD580+502672]
GetHandleVerifier [0x004C46AC+531644]
GetHandleVerifier [0x004BDFFA+505354]
Ordinal0 [0x003B0606+1050118]
Ordinal0 [0x003B047F+1049727]
Ordinal0 [0x003BAF9B+1093531]
Ordinal0 [0x003BB103+1093891]
Ordinal0 [0x003BA095+1089685]
BaseThreadInitThunk [0x757C8543+14]
RtlInitializeExceptionChain [0x772AAC69+133]
RtlInitializeExceptionChain [0x772AAC3C+88]

at sun.reflect.NativeConstructorAccessorImpl.newInstance0(Native Method)
at sun.reflect.NativeConstructorAccessorImpl.newInstance(Unknown Source)
at sun.reflect.DelegatingConstructorAccessorImpl.newInstance(Unknown Source)
at java.lang.reflect.Constructor.newInstance(Unknown Source)
at org.openqa.selenium.remote.W3CHandshakeResponse.lambda$errorHandler$0(W3CHandshakeResponse.java:62)
at org.openqa.selenium.remote.HandshakeResponse.lambda$getResponseFunction$0(HandshakeResponse.java:30)
at org.openqa.selenium.remote.ProtocolHandshake.lambda$createSession$0(ProtocolHandshake.java:126)
at java.util.stream.ReferencePipeline$3$1.accept(Unknown Source)
at java.util.Spliterators$ArraySpliterator.tryAdvance(Unknown Source)
at java.util.stream.ReferencePipeline.forEachWithCancel(Unknown Source)
at java.util.stream.AbstractPipeline.copyIntoWithCancel(Unknown Source)
at java.util.stream.AbstractPipeline.copyInto(Unknown Source)
at java.util.stream.AbstractPipeline.wrapAndCopyInto(Unknown Source)
at java.util.stream.FindOps$FindOp.evaluateSequential(Unknown Source)
at java.util.stream.AbstractPipeline.evaluate(Unknown Source)
at java.util.stream.ReferencePipeline.findFirst(Unknown Source)
at org.openqa.selenium.remote.ProtocolHandshake.createSession(ProtocolHandshake.java:128)
at org.openqa.selenium.remote.ProtocolHandshake.createSession(ProtocolHandshake.java:74)
at org.openqa.selenium.remote.HttpCommandExecutor.execute(HttpCommandExecutor.java:136)
at org.openqa.selenium.remote.service.DriverCommandExecutor.execute(DriverCommandExecutor.java:83)
at org.openqa.selenium.remote.RemoteWebDriver.execute(RemoteWebDriver.java:552)
at org.openqa.selenium.remote.RemoteWebDriver.startSession(RemoteWebDriver.java:213)
at org.openqa.selenium.remote.RemoteWebDriver.<init>(RemoteWebDriver.java:131)
at org.openqa.selenium.chrome.ChromeDriver.<init>(ChromeDriver.java:181)
at org.openqa.selenium.chrome.ChromeDriver.<init>(ChromeDriver.java:168)
at org.openqa.selenium.chrome.ChromeDriver.<init>(ChromeDriver.java:123)
at org.JunitTestNgAnnotaions.TestNgAnnotationSeleniumIntegration.setUp(TestNgAnnotationSeleniumIntegration.java:27)
at sun.reflect.NativeMethodAccessorImpl.invoke0(Native Method)
at sun.reflect.NativeMethodAccessorImpl.invoke(Unknown Source)
at sun.reflect.DelegatingMethodAccessorImpl.invoke(Unknown Source)
at java.lang.reflect.Method.invoke(Unknown Source)
at org.testng.internal.MethodInvocationHelper.invokeMethod(MethodInvocationHelper.java:124)
at org.testng.internal.MethodInvocationHelper.invokeMethodConsideringTimeout(MethodInvocationHelper.java:59)
at org.testng.internal.Invoker.invokeConfigurationMethod(Invoker.java:458)
at org.testng.internal.Invoker.invokeConfigurations(Invoker.java:222)
at org.testng.internal.Invoker.invokeConfigurations(Invoker.java:142)
at org.testng.SuiteRunner.privateRun(SuiteRunner.java:401)
at org.testng.SuiteRunner.run(SuiteRunner.java:364)
at org.testng.SuiteRunnerWorker.runSuite(SuiteRunnerWorker.java:52)
at org.testng.SuiteRunnerWorker.run(SuiteRunnerWorker.java:84)
at org.testng.TestNG.runSuitesSequentially(TestNG.java:1208)
at org.testng.TestNG.runSuitesLocally(TestNG.java:1137)
at org.testng.TestNG.runSuites(TestNG.java:1049)
at org.testng.TestNG.run(TestNG.java:1017)
at org.testng.remote.AbstractRemoteTestNG.run(AbstractRemoteTestNG.java:115)
at org.testng.remote.RemoteTestNG.initAndRun(RemoteTestNG.java:251)
at org.testng.remote.RemoteTestNG.main(RemoteTestNG.java:77)
]]>
    </error>
  </testcase> <!-- setUp -->
</testsuite> <!-- org.JunitTestNgAnnotaions.TestNgAnnotationSeleniumIntegration -->
